<?xml version="1.0" encoding="UTF-8"?>
<!-- Generated by org.testng.reporters.JUnitReportReporter -->
<testsuite skipped="0" hostname="IBM-Testing01" name="groupsPackage.TestGroup2" tests="1" failures="0" timestamp="08 Jan 2020 05:57:39 GMT" time="0.003" errors="0">
  <testcase name="test3" time="0.003" classname="groupsPackage.TestGroup2"/>
</testsuite> <!-- groupsPackage.TestGroup2 -->
