<?xml version="1.0" encoding="UTF-8"?>
<!-- Generated by org.testng.reporters.JUnitReportReporter -->
<testsuite skipped="0" hostname="IBM-Testing01" name="groupsPackage.TestGroup1" tests="1" failures="0" timestamp="08 Jan 2020 05:57:39 GMT" time="0.010" errors="0">
  <testcase name="test1" time="0.010" classname="groupsPackage.TestGroup1"/>
</testsuite> <!-- groupsPackage.TestGroup1 -->
