<?xml version="1.0" encoding="UTF-8"?>
<!-- Generated by org.testng.reporters.JUnitReportReporter -->
<testsuite skipped="0" hostname="IBM-Testing01" name="suitelevelMylistener.verifyGooglePageText" tests="2" failures="0" timestamp="08 Jan 2020 07:01:25 GMT" time="41.455" errors="0">
  <testcase name="checktitle" time="13.654" classname="suitelevelMylistener.verifyGooglePageText"/>
  <testcase name="checklogo" time="27.801" classname="suitelevelMylistener.verifyGooglePageText"/>
</testsuite> <!-- suitelevelMylistener.verifyGooglePageText -->
