<?xml version="1.0" encoding="UTF-8"?>
<!-- Generated by org.testng.reporters.JUnitReportReporter -->
<testsuite skipped="0" hostname="IBM-Testing01" name="listenersDemo.verifyGooglePageText" tests="2" failures="0" timestamp="08 Jan 2020 06:40:15 GMT" time="26.365" errors="0">
  <testcase name="checktitle" time="12.790" classname="listenersDemo.verifyGooglePageText"/>
  <testcase name="checklogo" time="13.575" classname="listenersDemo.verifyGooglePageText"/>
</testsuite> <!-- listenersDemo.verifyGooglePageText -->
