<?xml version="1.0" encoding="UTF-8"?>
<!-- Generated by org.testng.reporters.JUnitReportReporter -->
<testsuite skipped="0" hostname="IBM-Testing01" name="testNGpackage.verifyGooglePageText" tests="2" failures="0" timestamp="08 Jan 2020 06:53:19 GMT" time="26.269" errors="0">
  <testcase name="checktitle" time="13.960" classname="testNGpackage.verifyGooglePageText"/>
  <testcase name="checklogo" time="12.309" classname="testNGpackage.verifyGooglePageText"/>
</testsuite> <!-- testNGpackage.verifyGooglePageText -->
