<?xml version="1.0" encoding="UTF-8"?>
<!-- Generated by org.testng.reporters.JUnitReportReporter -->
<testsuite skipped="0" hostname="IBM-Testing01" name="testNGpackage.ApplnDemo" tests="3" failures="0" timestamp="06 Jan 2020 11:14:21 GMT" time="0.014" errors="0">
  <testcase name="login" time="0.001" classname="testNGpackage.ApplnDemo"/>
  <testcase name="logoff" time="0.002" classname="testNGpackage.ApplnDemo"/>
  <testcase name="startapp" time="0.011" classname="testNGpackage.ApplnDemo"/>
</testsuite> <!-- testNGpackage.ApplnDemo -->
