<?xml version="1.0" encoding="UTF-8"?>
<!-- Generated by org.testng.reporters.JUnitReportReporter -->
<testsuite skipped="0" hostname="IBM-Testing01" name="testNGpackage.NewTest" tests="1" failures="0" timestamp="08 Jan 2020 03:27:06 GMT" time="0.008" errors="0">
  <testcase name="f" time="0.008" classname="testNGpackage.NewTest"/>
</testsuite> <!-- testNGpackage.NewTest -->
