<?xml version="1.0" encoding="UTF-8"?>
<!-- Generated by org.testng.reporters.JUnitReportReporter -->
<testsuite skipped="0" hostname="IBM-Testing01" name="dataProviderDemo" tests="2" failures="0" timestamp="08 Jan 2020 04:41:34 GMT" time="17.409" errors="0">
  <testcase name="f" time="3.948" classname="dataProviderDemo"/>
  <testcase name="f" time="13.461" classname="dataProviderDemo"/>
</testsuite> <!-- dataProviderDemo -->
