<?xml version="1.0" encoding="UTF-8"?>
<!-- Generated by org.testng.reporters.JUnitReportReporter -->
<testsuite skipped="0" hostname="IBM-Testing01" name="parallelTest.myParallelTest" tests="2" failures="0" timestamp="08 Jan 2020 09:19:56 GMT" time="39.997" errors="0">
  <testcase name="test1" time="23.277" classname="parallelTest.myParallelTest"/>
  <testcase name="test2" time="16.720" classname="parallelTest.myParallelTest"/>
</testsuite> <!-- parallelTest.myParallelTest -->
