<?xml version="1.0" encoding="UTF-8"?>
<!-- Generated by org.testng.reporters.JUnitReportReporter -->
<testsuite skipped="0" hostname="IBM-Testing01" name="testNGpackage.AnnotationDemo" tests="1" failures="0" timestamp="06 Jan 2020 09:53:54 GMT" time="0.007" errors="0">
  <testcase name="checktitle" time="0.007" classname="testNGpackage.AnnotationDemo"/>
</testsuite> <!-- testNGpackage.AnnotationDemo -->
