<?xml version="1.0" encoding="UTF-8"?>
<!-- Generated by org.testng.reporters.JUnitReportReporter -->
<testsuite skipped="0" hostname="IBM-Testing01" name="com.test.verifyGoogleTest" tests="2" failures="0" timestamp="21 Jan 2020 05:50:08 GMT" time="26.199" errors="0">
  <testcase name="checktitle" time="13.918" classname="com.test.verifyGoogleTest"/>
  <testcase name="checklogo" time="12.281" classname="com.test.verifyGoogleTest"/>
</testsuite> <!-- com.test.verifyGoogleTest -->
