<?xml version="1.0" encoding="UTF-8"?>
<!-- Generated by org.testng.reporters.JUnitReportReporter -->
<testsuite skipped="0" hostname="IBM-Testing01" name="demoWebTest.VerifyLogin" tests="1" failures="0" timestamp="09 Jan 2020 04:08:45 GMT" time="18.806" errors="0">
  <testcase name="checklogin" time="18.806" classname="demoWebTest.VerifyLogin"/>
</testsuite> <!-- demoWebTest.VerifyLogin -->
